Performing C SOURCE FILE Test CMAKE_HAVE_LIBC_PTHREAD failed with the following output:
Change Dir: /home/chj/workspace/project/end/CMakeFiles/CMakeTmp

Run Build Command(s):/usr/bin/make cmTC_60855/fast && /usr/bin/make  -f CMakeFiles/cmTC_60855.dir/build.make CMakeFiles/cmTC_60855.dir/build
make[1]: Entering directory '/home/chj/workspace/project/end/CMakeFiles/CMakeTmp'
Building C object CMakeFiles/cmTC_60855.dir/src.c.o
/opt/fsl-imx-xwayland/4.14-thud/sysroots/x86_64-pokysdk-linux/usr/bin/aarch64-poky-linux/aarch64-poky-linux-gcc   --sysroot=/opt/fsl-imx-xwayland/4.14-thud/sysroots/aarch64-poky-linux -DCMAKE_HAVE_LIBC_PTHREAD  -O2 -pipe -g -feliminate-unused-debug-types  -o CMakeFiles/cmTC_60855.dir/src.c.o -c /home/chj/workspace/project/end/CMakeFiles/CMakeTmp/src.c
Linking C executable cmTC_60855
/usr/local/bin/cmake -E cmake_link_script CMakeFiles/cmTC_60855.dir/link.txt --verbose=1
/opt/fsl-imx-xwayland/4.14-thud/sysroots/x86_64-pokysdk-linux/usr/bin/aarch64-poky-linux/aarch64-poky-linux-gcc   --sysroot=/opt/fsl-imx-xwayland/4.14-thud/sysroots/aarch64-poky-linux -O2 -pipe -g -feliminate-unused-debug-types  CMakeFiles/cmTC_60855.dir/src.c.o -o cmTC_60855 
/opt/fsl-imx-xwayland/4.14-thud/sysroots/x86_64-pokysdk-linux/usr/libexec/aarch64-poky-linux/gcc/aarch64-poky-linux/8.2.0/real-ld: CMakeFiles/cmTC_60855.dir/src.c.o: in function `main':
/home/chj/workspace/project/end/CMakeFiles/CMakeTmp/src.c:11: undefined reference to `pthread_create'
/opt/fsl-imx-xwayland/4.14-thud/sysroots/x86_64-pokysdk-linux/usr/libexec/aarch64-poky-linux/gcc/aarch64-poky-linux/8.2.0/real-ld: /home/chj/workspace/project/end/CMakeFiles/CMakeTmp/src.c:12: undefined reference to `pthread_detach'
/opt/fsl-imx-xwayland/4.14-thud/sysroots/x86_64-pokysdk-linux/usr/libexec/aarch64-poky-linux/gcc/aarch64-poky-linux/8.2.0/real-ld: /home/chj/workspace/project/end/CMakeFiles/CMakeTmp/src.c:13: undefined reference to `pthread_cancel'
/opt/fsl-imx-xwayland/4.14-thud/sysroots/x86_64-pokysdk-linux/usr/libexec/aarch64-poky-linux/gcc/aarch64-poky-linux/8.2.0/real-ld: /home/chj/workspace/project/end/CMakeFiles/CMakeTmp/src.c:14: undefined reference to `pthread_join'
collect2: error: ld returned 1 exit status
CMakeFiles/cmTC_60855.dir/build.make:105: recipe for target 'cmTC_60855' failed
make[1]: *** [cmTC_60855] Error 1
make[1]: Leaving directory '/home/chj/workspace/project/end/CMakeFiles/CMakeTmp'
Makefile:140: recipe for target 'cmTC_60855/fast' failed
make: *** [cmTC_60855/fast] Error 2


Source file was:
#include <pthread.h>

static void* test_func(void* data)
{
  return data;
}

int main(void)
{
  pthread_t thread;
  pthread_create(&thread, NULL, test_func, NULL);
  pthread_detach(thread);
  pthread_cancel(thread);
  pthread_join(thread, NULL);
  pthread_atfork(NULL, NULL, NULL);
  pthread_exit(NULL);

  return 0;
}

Determining if the function pthread_create exists in the pthreads failed with the following output:
Change Dir: /home/chj/workspace/project/end/CMakeFiles/CMakeTmp

Run Build Command(s):/usr/bin/make cmTC_d095c/fast && /usr/bin/make  -f CMakeFiles/cmTC_d095c.dir/build.make CMakeFiles/cmTC_d095c.dir/build
make[1]: Entering directory '/home/chj/workspace/project/end/CMakeFiles/CMakeTmp'
Building C object CMakeFiles/cmTC_d095c.dir/CheckFunctionExists.c.o
/opt/fsl-imx-xwayland/4.14-thud/sysroots/x86_64-pokysdk-linux/usr/bin/aarch64-poky-linux/aarch64-poky-linux-gcc   --sysroot=/opt/fsl-imx-xwayland/4.14-thud/sysroots/aarch64-poky-linux   -O2 -pipe -g -feliminate-unused-debug-types -DCHECK_FUNCTION_EXISTS=pthread_create -o CMakeFiles/cmTC_d095c.dir/CheckFunctionExists.c.o -c /usr/local/share/cmake-3.19/Modules/CheckFunctionExists.c
Linking C executable cmTC_d095c
/usr/local/bin/cmake -E cmake_link_script CMakeFiles/cmTC_d095c.dir/link.txt --verbose=1
/opt/fsl-imx-xwayland/4.14-thud/sysroots/x86_64-pokysdk-linux/usr/bin/aarch64-poky-linux/aarch64-poky-linux-gcc   --sysroot=/opt/fsl-imx-xwayland/4.14-thud/sysroots/aarch64-poky-linux -O2 -pipe -g -feliminate-unused-debug-types -DCHECK_FUNCTION_EXISTS=pthread_create CMakeFiles/cmTC_d095c.dir/CheckFunctionExists.c.o -o cmTC_d095c  -lpthreads 
/opt/fsl-imx-xwayland/4.14-thud/sysroots/x86_64-pokysdk-linux/usr/libexec/aarch64-poky-linux/gcc/aarch64-poky-linux/8.2.0/real-ld: cannot find -lpthreads
collect2: error: ld returned 1 exit status
CMakeFiles/cmTC_d095c.dir/build.make:105: recipe for target 'cmTC_d095c' failed
make[1]: *** [cmTC_d095c] Error 1
make[1]: Leaving directory '/home/chj/workspace/project/end/CMakeFiles/CMakeTmp'
Makefile:140: recipe for target 'cmTC_d095c/fast' failed
make: *** [cmTC_d095c/fast] Error 2



